<?xml version="1.0" encoding="UTF-8"?>
<!-- Generated by org.testng.reporters.JUnitXMLReporter -->
<testsuite ignored="0" hostname="Utkarsh-PC" failures="1" tests="3" name="Command line test" time="10.172" errors="0" timestamp="2022-03-07T14:05:08 EET">
  <testcase classname="com.nans.devops.jenkins.JenkinsCalcTest" name="addTest" time="0.014">
    <failure type="java.lang.AssertionError" message="expected:&amp;lt;11&amp;gt; but was:&amp;lt;10&amp;gt;">
      <![CDATA[java.lang.AssertionError: expected:<11> but was:<10>
at org.junit.Assert.fail(Assert.java:89)
at org.junit.Assert.failNotEquals(Assert.java:835)
at org.junit.Assert.assertEquals(Assert.java:647)
at org.junit.Assert.assertEquals(Assert.java:633)
at com.nans.devops.jenkins.JenkinsCalcTest.addTest(JenkinsCalcTest.java:12)
at java.base/java.util.ArrayList.forEach(ArrayList.java:1511)
... Removed 37 stack frames]]>
    </failure>
  </testcase> <!-- addTest -->
  <testcase classname="com.nans.devops.jenkins.JenkinsCalcTest" name="subTest" time="0.0"/>
  <testcase classname="com.nans.devops.jenkins.SeleniumTest" name="YoutubeSearch" time="10.072"/>
</testsuite> <!-- Command line test -->
